CCS PCH C Compiler, Version 5.076, 56587               23-jul-23 09:09

               Filename:   G:\Mi unidad\Universidad\8 SEMESTRE (PRE-PROMO)\Lab de digitales2\multimetro final\voltimetro JA.lst

               ROM used:   3316 bytes (10%)
                           Largest free fragment is 29452
               RAM used:   29 (1%) at main() level
                           57 (3%) worst case
               Stack used: 5 locations
               Stack size: 31

*
0000:  GOTO   0C0E
.................... #include <18F4550.h> 
.................... //////////// Standard Header file for the PIC18F4550 device //////////////// 
.................... /////////////////////////////////////////////////////////////////////////// 
.................... ////        (C) Copyright 1996, 2014 Custom Computer Services          //// 
.................... //// This source code may only be used by licensed users of the CCS C  //// 
.................... //// compiler.  This source code may only be distributed to other      //// 
.................... //// licensed users of the CCS C compiler.  No other use, reproduction //// 
.................... //// or distribution is permitted without written permission.          //// 
.................... //// Derivative programs created using this software in object code    //// 
.................... //// form are not restricted in any way.                               //// 
.................... /////////////////////////////////////////////////////////////////////////// 
.................... #device PIC18F4550 
0004:  CLRF   FF7
0006:  ADDLW  14
0008:  MOVWF  FF6
000A:  MOVLW  00
000C:  ADDWFC FF7,F
000E:  TBLRD*+
0010:  MOVF   FF5,W
0012:  RETURN 0
0014:  DATA 3E,3D
0016:  DATA 3C,00
0018:  DATA 54,45
001A:  DATA 4E,53
001C:  DATA 49,4F
001E:  DATA 4E,45
0020:  DATA 53,00
0022:  DATA 56,41
0024:  DATA 3A,25
0026:  DATA 31,2E
0028:  DATA 32,66
002A:  DATA 20,25
002C:  DATA 63,56
002E:  DATA 42,3A
0030:  DATA 25,31
0032:  DATA 2E,32
0034:  DATA 66,00
0036:  DATA 47,55
0038:  DATA 41,52
003A:  DATA 44,41
003C:  DATA 44,4F
003E:  DATA 00,00
0040:  DATA 56,61
0042:  DATA 6C,6F
0044:  DATA 72,65
0046:  DATA 73,00
*
0210:  TBLRD*+
0212:  MOVF   FF5,F
0214:  BZ    022E
0216:  MOVFF  FF6,1E
021A:  MOVFF  FF7,1F
021E:  MOVFF  FF5,2C
0222:  RCALL  01C0
0224:  MOVFF  1E,FF6
0228:  MOVFF  1F,FF7
022C:  BRA    0210
022E:  RETURN 0
0230:  MOVFF  1F,26
0234:  MOVF   23,W
0236:  XORWF  26,F
0238:  BTFSS  26.7
023A:  BRA    0246
023C:  BCF    FD8.2
023E:  BCF    FD8.0
0240:  BTFSC  1F.7
0242:  BSF    FD8.0
0244:  BRA    02A4
0246:  MOVFF  1F,26
024A:  MOVFF  22,27
024E:  MOVF   1E,W
0250:  SUBWF  27,F
0252:  BZ    0260
0254:  BTFSS  26.7
0256:  BRA    02A4
0258:  MOVF   FD8,W
025A:  XORLW  01
025C:  MOVWF  FD8
025E:  BRA    02A4
0260:  MOVFF  23,27
0264:  MOVF   1F,W
0266:  SUBWF  27,F
0268:  BZ    0276
026A:  BTFSS  26.7
026C:  BRA    02A4
026E:  MOVF   FD8,W
0270:  XORLW  01
0272:  MOVWF  FD8
0274:  BRA    02A4
0276:  MOVFF  24,27
027A:  MOVF   20,W
027C:  SUBWF  27,F
027E:  BZ    028C
0280:  BTFSS  26.7
0282:  BRA    02A4
0284:  MOVF   FD8,W
0286:  XORLW  01
0288:  MOVWF  FD8
028A:  BRA    02A4
028C:  MOVFF  25,27
0290:  MOVF   21,W
0292:  SUBWF  27,F
0294:  BZ    02A2
0296:  BTFSS  26.7
0298:  BRA    02A4
029A:  MOVF   FD8,W
029C:  XORLW  01
029E:  MOVWF  FD8
02A0:  BRA    02A4
02A2:  BCF    FD8.0
02A4:  RETURN 0
02A6:  MOVF   2C,W
02A8:  BTFSC  FD8.2
02AA:  BRA    038E
02AC:  MOVWF  00
02AE:  MOVF   30,W
02B0:  BTFSC  FD8.2
02B2:  BRA    038E
02B4:  ADDWF  00,F
02B6:  BNC   02C0
02B8:  MOVLW  81
02BA:  ADDWF  00,F
02BC:  BC    038E
02BE:  BRA    02C8
02C0:  MOVLW  7F
02C2:  SUBWF  00,F
02C4:  BNC   038E
02C6:  BZ    038E
02C8:  MOVFF  2D,34
02CC:  MOVF   31,W
02CE:  XORWF  34,F
02D0:  BSF    2D.7
02D2:  BSF    31.7
02D4:  MOVF   2F,W
02D6:  MULWF  33
02D8:  MOVFF  FF4,36
02DC:  MOVF   2E,W
02DE:  MULWF  32
02E0:  MOVFF  FF4,03
02E4:  MOVFF  FF3,35
02E8:  MULWF  33
02EA:  MOVF   FF3,W
02EC:  ADDWF  36,F
02EE:  MOVF   FF4,W
02F0:  ADDWFC 35,F
02F2:  MOVLW  00
02F4:  ADDWFC 03,F
02F6:  MOVF   2F,W
02F8:  MULWF  32
02FA:  MOVF   FF3,W
02FC:  ADDWF  36,F
02FE:  MOVF   FF4,W
0300:  ADDWFC 35,F
0302:  MOVLW  00
0304:  CLRF   02
0306:  ADDWFC 03,F
0308:  ADDWFC 02,F
030A:  MOVF   2D,W
030C:  MULWF  33
030E:  MOVF   FF3,W
0310:  ADDWF  35,F
0312:  MOVF   FF4,W
0314:  ADDWFC 03,F
0316:  MOVLW  00
0318:  ADDWFC 02,F
031A:  MOVF   2D,W
031C:  MULWF  32
031E:  MOVF   FF3,W
0320:  ADDWF  03,F
0322:  MOVF   FF4,W
0324:  ADDWFC 02,F
0326:  MOVLW  00
0328:  CLRF   01
032A:  ADDWFC 01,F
032C:  MOVF   2F,W
032E:  MULWF  31
0330:  MOVF   FF3,W
0332:  ADDWF  35,F
0334:  MOVF   FF4,W
0336:  ADDWFC 03,F
0338:  MOVLW  00
033A:  ADDWFC 02,F
033C:  ADDWFC 01,F
033E:  MOVF   2E,W
0340:  MULWF  31
0342:  MOVF   FF3,W
0344:  ADDWF  03,F
0346:  MOVF   FF4,W
0348:  ADDWFC 02,F
034A:  MOVLW  00
034C:  ADDWFC 01,F
034E:  MOVF   2D,W
0350:  MULWF  31
0352:  MOVF   FF3,W
0354:  ADDWF  02,F
0356:  MOVF   FF4,W
0358:  ADDWFC 01,F
035A:  INCF   00,F
035C:  BTFSC  01.7
035E:  BRA    036A
0360:  RLCF   35,F
0362:  RLCF   03,F
0364:  RLCF   02,F
0366:  RLCF   01,F
0368:  DECF   00,F
036A:  MOVLW  00
036C:  BTFSS  35.7
036E:  BRA    0384
0370:  INCF   03,F
0372:  ADDWFC 02,F
0374:  ADDWFC 01,F
0376:  MOVF   01,W
0378:  BNZ   0384
037A:  MOVF   02,W
037C:  BNZ   0384
037E:  MOVF   03,W
0380:  BNZ   0384
0382:  INCF   00,F
0384:  BTFSC  34.7
0386:  BSF    01.7
0388:  BTFSS  34.7
038A:  BCF    01.7
038C:  BRA    0396
038E:  CLRF   00
0390:  CLRF   01
0392:  CLRF   02
0394:  CLRF   03
0396:  RETURN 0
0398:  MOVF   25,W
039A:  BTFSC  FD8.2
039C:  BRA    04E8
039E:  MOVWF  31
03A0:  MOVF   29,W
03A2:  BTFSC  FD8.2
03A4:  BRA    04E8
03A6:  SUBWF  31,F
03A8:  BNC   03B4
03AA:  MOVLW  7F
03AC:  ADDWF  31,F
03AE:  BTFSC  FD8.0
03B0:  BRA    04E8
03B2:  BRA    03C0
03B4:  MOVLW  81
03B6:  SUBWF  31,F
03B8:  BTFSS  FD8.0
03BA:  BRA    04E8
03BC:  BTFSC  FD8.2
03BE:  BRA    04E8
03C0:  MOVFF  31,00
03C4:  CLRF   01
03C6:  CLRF   02
03C8:  CLRF   03
03CA:  CLRF   30
03CC:  MOVFF  26,2F
03D0:  BSF    2F.7
03D2:  MOVFF  27,2E
03D6:  MOVFF  28,2D
03DA:  MOVLW  19
03DC:  MOVWF  31
03DE:  MOVF   2C,W
03E0:  SUBWF  2D,F
03E2:  BC    03FE
03E4:  MOVLW  01
03E6:  SUBWF  2E,F
03E8:  BC    03FE
03EA:  SUBWF  2F,F
03EC:  BC    03FE
03EE:  SUBWF  30,F
03F0:  BC    03FE
03F2:  INCF   30,F
03F4:  INCF   2F,F
03F6:  INCF   2E,F
03F8:  MOVF   2C,W
03FA:  ADDWF  2D,F
03FC:  BRA    044E
03FE:  MOVF   2B,W
0400:  SUBWF  2E,F
0402:  BC    0428
0404:  MOVLW  01
0406:  SUBWF  2F,F
0408:  BC    0428
040A:  SUBWF  30,F
040C:  BC    0428
040E:  INCF   30,F
0410:  INCF   2F,F
0412:  MOVF   2B,W
0414:  ADDWF  2E,F
0416:  MOVF   2C,W
0418:  ADDWF  2D,F
041A:  BNC   044E
041C:  INCF   2E,F
041E:  BNZ   044E
0420:  INCF   2F,F
0422:  BNZ   044E
0424:  INCF   30,F
0426:  BRA    044E
0428:  MOVF   2A,W
042A:  IORLW  80
042C:  SUBWF  2F,F
042E:  BC    044C
0430:  MOVLW  01
0432:  SUBWF  30,F
0434:  BC    044C
0436:  INCF   30,F
0438:  MOVF   2A,W
043A:  IORLW  80
043C:  ADDWF  2F,F
043E:  MOVF   2B,W
0440:  ADDWF  2E,F
0442:  BNC   0416
0444:  INCF   2F,F
0446:  BNZ   0416
0448:  INCF   30,F
044A:  BRA    0416
044C:  BSF    03.0
044E:  DECFSZ 31,F
0450:  BRA    0454
0452:  BRA    046A
0454:  BCF    FD8.0
0456:  RLCF   2D,F
0458:  RLCF   2E,F
045A:  RLCF   2F,F
045C:  RLCF   30,F
045E:  BCF    FD8.0
0460:  RLCF   03,F
0462:  RLCF   02,F
0464:  RLCF   01,F
0466:  RLCF   32,F
0468:  BRA    03DE
046A:  BTFSS  32.0
046C:  BRA    047A
046E:  BCF    FD8.0
0470:  RRCF   01,F
0472:  RRCF   02,F
0474:  RRCF   03,F
0476:  RRCF   32,F
0478:  BRA    047E
047A:  DECF   00,F
047C:  BZ    04E8
047E:  BTFSC  32.7
0480:  BRA    04BE
0482:  BCF    FD8.0
0484:  RLCF   2D,F
0486:  RLCF   2E,F
0488:  RLCF   2F,F
048A:  RLCF   30,F
048C:  MOVF   2C,W
048E:  SUBWF  2D,F
0490:  BC    04A0
0492:  MOVLW  01
0494:  SUBWF  2E,F
0496:  BC    04A0
0498:  SUBWF  2F,F
049A:  BC    04A0
049C:  SUBWF  30,F
049E:  BNC   04D4
04A0:  MOVF   2B,W
04A2:  SUBWF  2E,F
04A4:  BC    04B0
04A6:  MOVLW  01
04A8:  SUBWF  2F,F
04AA:  BC    04B0
04AC:  SUBWF  30,F
04AE:  BNC   04D4
04B0:  MOVF   2A,W
04B2:  IORLW  80
04B4:  SUBWF  2F,F
04B6:  BC    04BE
04B8:  MOVLW  01
04BA:  SUBWF  30,F
04BC:  BNC   04D4
04BE:  INCF   03,F
04C0:  BNZ   04D4
04C2:  INCF   02,F
04C4:  BNZ   04D4
04C6:  INCF   01,F
04C8:  BNZ   04D4
04CA:  INCF   00,F
04CC:  BZ    04E8
04CE:  RRCF   01,F
04D0:  RRCF   02,F
04D2:  RRCF   03,F
04D4:  MOVFF  26,31
04D8:  MOVF   2A,W
04DA:  XORWF  31,F
04DC:  BTFSS  31.7
04DE:  BRA    04E4
04E0:  BSF    01.7
04E2:  BRA    04F0
04E4:  BCF    01.7
04E6:  BRA    04F0
04E8:  CLRF   00
04EA:  CLRF   01
04EC:  CLRF   02
04EE:  CLRF   03
04F0:  RETURN 0
04F2:  MOVLW  8E
04F4:  MOVWF  00
04F6:  MOVF   1C,W
04F8:  SUBWF  00,F
04FA:  MOVFF  1D,02
04FE:  MOVFF  1E,01
0502:  BSF    02.7
0504:  MOVF   00,F
0506:  BZ    051A
0508:  BCF    FD8.0
050A:  MOVF   02,F
050C:  BNZ   0512
050E:  MOVF   01,F
0510:  BZ    051A
0512:  RRCF   02,F
0514:  RRCF   01,F
0516:  DECFSZ 00,F
0518:  BRA    0508
051A:  BTFSS  1D.7
051C:  BRA    0528
051E:  COMF   01,F
0520:  COMF   02,F
0522:  INCF   01,F
0524:  BTFSC  FD8.2
0526:  INCF   02,F
0528:  RETURN 0
*
06A6:  MOVF   1E,W
06A8:  MULWF  20
06AA:  MOVFF  FF3,01
06AE:  MOVFF  FF4,00
06B2:  MULWF  21
06B4:  MOVF   FF3,W
06B6:  ADDWF  00,F
06B8:  MOVF   1F,W
06BA:  MULWF  20
06BC:  MOVF   FF3,W
06BE:  ADDWFC 00,W
06C0:  MOVWF  02
06C2:  GOTO   099A (RETURN)
06C6:  MOVLW  8E
06C8:  MOVWF  00
06CA:  MOVFF  22,01
06CE:  MOVFF  21,02
06D2:  CLRF   03
06D4:  MOVF   01,F
06D6:  BNZ   06EA
06D8:  MOVFF  02,01
06DC:  CLRF   02
06DE:  MOVLW  08
06E0:  SUBWF  00,F
06E2:  MOVF   01,F
06E4:  BNZ   06EA
06E6:  CLRF   00
06E8:  BRA    06FA
06EA:  BCF    FD8.0
06EC:  BTFSC  01.7
06EE:  BRA    06F8
06F0:  RLCF   02,F
06F2:  RLCF   01,F
06F4:  DECF   00,F
06F6:  BRA    06EA
06F8:  BCF    01.7
06FA:  RETURN 0
06FC:  MOVF   2C,W
06FE:  SUBLW  B6
0700:  MOVWF  2C
0702:  CLRF   03
0704:  MOVFF  2D,30
0708:  BSF    2D.7
070A:  BCF    FD8.0
070C:  RRCF   2D,F
070E:  RRCF   2E,F
0710:  RRCF   2F,F
0712:  RRCF   03,F
0714:  RRCF   02,F
0716:  RRCF   01,F
0718:  RRCF   00,F
071A:  DECFSZ 2C,F
071C:  BRA    070A
071E:  BTFSS  30.7
0720:  BRA    0738
0722:  COMF   00,F
0724:  COMF   01,F
0726:  COMF   02,F
0728:  COMF   03,F
072A:  INCF   00,F
072C:  BTFSC  FD8.2
072E:  INCF   01,F
0730:  BTFSC  FD8.2
0732:  INCF   02,F
0734:  BTFSC  FD8.2
0736:  INCF   03,F
0738:  GOTO   0818 (RETURN)
073C:  BTFSC  FD8.1
073E:  BRA    0746
0740:  CLRF   FEA
0742:  MOVLW  34
0744:  MOVWF  FE9
0746:  CLRF   00
0748:  CLRF   01
074A:  CLRF   02
074C:  CLRF   03
074E:  CLRF   34
0750:  CLRF   35
0752:  CLRF   36
0754:  CLRF   37
0756:  MOVF   33,W
0758:  IORWF  32,W
075A:  IORWF  31,W
075C:  IORWF  30,W
075E:  BZ    07B8
0760:  MOVLW  20
0762:  MOVWF  38
0764:  BCF    FD8.0
0766:  RLCF   2C,F
0768:  RLCF   2D,F
076A:  RLCF   2E,F
076C:  RLCF   2F,F
076E:  RLCF   34,F
0770:  RLCF   35,F
0772:  RLCF   36,F
0774:  RLCF   37,F
0776:  MOVF   33,W
0778:  SUBWF  37,W
077A:  BNZ   078C
077C:  MOVF   32,W
077E:  SUBWF  36,W
0780:  BNZ   078C
0782:  MOVF   31,W
0784:  SUBWF  35,W
0786:  BNZ   078C
0788:  MOVF   30,W
078A:  SUBWF  34,W
078C:  BNC   07AC
078E:  MOVF   30,W
0790:  SUBWF  34,F
0792:  MOVF   31,W
0794:  BTFSS  FD8.0
0796:  INCFSZ 31,W
0798:  SUBWF  35,F
079A:  MOVF   32,W
079C:  BTFSS  FD8.0
079E:  INCFSZ 32,W
07A0:  SUBWF  36,F
07A2:  MOVF   33,W
07A4:  BTFSS  FD8.0
07A6:  INCFSZ 33,W
07A8:  SUBWF  37,F
07AA:  BSF    FD8.0
07AC:  RLCF   00,F
07AE:  RLCF   01,F
07B0:  RLCF   02,F
07B2:  RLCF   03,F
07B4:  DECFSZ 38,F
07B6:  BRA    0764
07B8:  MOVFF  34,FEF
07BC:  MOVFF  35,FEC
07C0:  MOVFF  36,FEC
07C4:  MOVFF  37,FEC
07C8:  RETURN 0
07CA:  MOVF   FE9,W
07CC:  MOVWF  24
07CE:  MOVF   23,W
07D0:  MOVWF  26
07D2:  BZ    0806
07D4:  MOVFF  22,2F
07D8:  MOVFF  21,2E
07DC:  MOVFF  20,2D
07E0:  MOVFF  1F,2C
07E4:  CLRF   33
07E6:  CLRF   32
07E8:  MOVLW  20
07EA:  MOVWF  31
07EC:  MOVLW  82
07EE:  MOVWF  30
07F0:  RCALL  02A6
07F2:  MOVFF  03,22
07F6:  MOVFF  02,21
07FA:  MOVFF  01,20
07FE:  MOVFF  00,1F
0802:  DECFSZ 26,F
0804:  BRA    07D4
0806:  MOVFF  22,2F
080A:  MOVFF  21,2E
080E:  MOVFF  20,2D
0812:  MOVFF  1F,2C
0816:  BRA    06FC
0818:  MOVFF  03,22
081C:  MOVFF  02,21
0820:  MOVFF  01,20
0824:  MOVFF  00,1F
0828:  BTFSS  22.7
082A:  BRA    0846
082C:  DECF   24,F
082E:  BSF    24.5
0830:  COMF   1F,F
0832:  COMF   20,F
0834:  COMF   21,F
0836:  COMF   22,F
0838:  INCF   1F,F
083A:  BTFSC  FD8.2
083C:  INCF   20,F
083E:  BTFSC  FD8.2
0840:  INCF   21,F
0842:  BTFSC  FD8.2
0844:  INCF   22,F
0846:  MOVLW  3B
0848:  MOVWF  2B
084A:  MOVLW  9A
084C:  MOVWF  2A
084E:  MOVLW  CA
0850:  MOVWF  29
0852:  CLRF   28
0854:  MOVLW  0A
0856:  MOVWF  26
0858:  MOVF   23,W
085A:  BTFSC  FD8.2
085C:  INCF   24,F
085E:  BSF    FD8.1
0860:  CLRF   FEA
0862:  MOVLW  1F
0864:  MOVWF  FE9
0866:  MOVFF  22,2F
086A:  MOVFF  21,2E
086E:  MOVFF  20,2D
0872:  MOVFF  1F,2C
0876:  MOVFF  2B,33
087A:  MOVFF  2A,32
087E:  MOVFF  29,31
0882:  MOVFF  28,30
0886:  RCALL  073C
0888:  MOVF   01,W
088A:  MOVF   00,F
088C:  BNZ   08AC
088E:  INCF   23,W
0890:  SUBWF  26,W
0892:  BZ    08AC
0894:  MOVF   24,W
0896:  BZ    08B0
0898:  ANDLW  0F
089A:  SUBWF  26,W
089C:  BZ    08A0
089E:  BC    090E
08A0:  BTFSC  24.7
08A2:  BRA    090E
08A4:  BTFSC  24.6
08A6:  BRA    08B0
08A8:  MOVLW  20
08AA:  BRA    0906
08AC:  MOVLW  20
08AE:  ANDWF  24,F
08B0:  BTFSS  24.5
08B2:  BRA    08CC
08B4:  BCF    24.5
08B6:  MOVF   23,W
08B8:  BTFSS  FD8.2
08BA:  DECF   24,F
08BC:  MOVF   00,W
08BE:  MOVWF  24
08C0:  MOVLW  2D
08C2:  MOVWF  2C
08C4:  RCALL  01C0
08C6:  MOVF   24,W
08C8:  MOVWF  00
08CA:  CLRF   24
08CC:  MOVF   23,W
08CE:  SUBWF  26,W
08D0:  BNZ   08E6
08D2:  MOVF   00,W
08D4:  MOVWF  24
08D6:  MOVLW  2E
08D8:  MOVWF  2C
08DA:  RCALL  01C0
08DC:  MOVF   24,W
08DE:  MOVWF  00
08E0:  MOVLW  20
08E2:  ANDWF  24,F
08E4:  MOVLW  00
08E6:  MOVLW  30
08E8:  BTFSS  24.5
08EA:  BRA    0906
08EC:  BCF    24.5
08EE:  MOVF   23,W
08F0:  BTFSS  FD8.2
08F2:  DECF   24,F
08F4:  MOVF   00,W
08F6:  MOVWF  24
08F8:  MOVLW  2D
08FA:  MOVWF  2C
08FC:  RCALL  01C0
08FE:  MOVF   24,W
0900:  MOVWF  00
0902:  CLRF   24
0904:  MOVLW  30
0906:  ADDWF  00,F
0908:  MOVFF  00,2C
090C:  RCALL  01C0
090E:  BCF    FD8.1
0910:  MOVFF  2B,2F
0914:  MOVFF  2A,2E
0918:  MOVFF  29,2D
091C:  MOVFF  28,2C
0920:  CLRF   33
0922:  CLRF   32
0924:  CLRF   31
0926:  MOVLW  0A
0928:  MOVWF  30
092A:  RCALL  073C
092C:  MOVFF  03,2B
0930:  MOVFF  02,2A
0934:  MOVFF  01,29
0938:  MOVFF  00,28
093C:  DECFSZ 26,F
093E:  BRA    085E
0940:  RETURN 0
*
0A9A:  TBLRD*+
0A9C:  MOVFF  FF6,20
0AA0:  MOVFF  FF7,21
0AA4:  MOVFF  FF5,2C
0AA8:  CALL   01C0
0AAC:  MOVFF  20,FF6
0AB0:  MOVFF  21,FF7
0AB4:  DECFSZ 1F,F
0AB6:  BRA    0A9A
0AB8:  RETURN 0
....................  
.................... #list 
....................  
.................... #device adc=10 
.................... #FUSES NOWDT, HSPLL, PUT, NOPROTECT, NODEBUG, NOBROWNOUT, NOCPD, NOWRT, HS 
.................... #use delay (clock=4M, crystal=4M) 
*
0048:  CLRF   FEA
004A:  MOVLW  2D
004C:  MOVWF  FE9
004E:  MOVF   FEF,W
0050:  BZ    006E
0052:  MOVLW  01
0054:  MOVWF  01
0056:  CLRF   00
0058:  DECFSZ 00,F
005A:  BRA    0058
005C:  DECFSZ 01,F
005E:  BRA    0056
0060:  MOVLW  4A
0062:  MOVWF  00
0064:  DECFSZ 00,F
0066:  BRA    0064
0068:  BRA    006A
006A:  DECFSZ FEF,F
006C:  BRA    0052
006E:  RETURN 0
.................... #use standard_io(A,B,D) 
.................... #include <lcd.c> 
.................... /////////////////////////////////////////////////////////////////////////////// 
.................... ////                             LCD.C                                     //// 
.................... ////                 Driver for common LCD modules                         //// 
.................... ////                                                                       //// 
.................... ////  lcd_init()   Must be called before any other function.               //// 
.................... ////                                                                       //// 
.................... ////  lcd_putc(c)  Will display c on the next position of the LCD.         //// 
.................... ////                 \a  Set cursor position to upper left                 //// 
.................... ////                 \f  Clear display, set cursor to upper left           //// 
.................... ////                 \n  Go to start of second line                        //// 
.................... ////                 \b  Move back one position                            //// 
.................... ////              If LCD_EXTENDED_NEWLINE is defined, the \n character     //// 
.................... ////              will erase all remanining characters on the current      //// 
.................... ////              line, and move the cursor to the beginning of the next   //// 
.................... ////              line.                                                    //// 
.................... ////              If LCD_EXTENDED_NEWLINE is defined, the \r character     //// 
.................... ////              will move the cursor to the start of the current         //// 
.................... ////              line.                                                    //// 
.................... ////                                                                       //// 
.................... ////  lcd_gotoxy(x,y) Set write position on LCD (upper left is 1,1)        //// 
.................... ////                                                                       //// 
.................... ////  lcd_getc(x,y)   Returns character at position x,y on LCD             //// 
.................... ////                                                                       //// 
.................... ////  lcd_cursor_on(int1 on)   Turn the cursor on (on=TRUE) or off         //// 
.................... ////              (on=FALSE).                                              //// 
.................... ////                                                                       //// 
.................... ////  lcd_set_cgram_char(w, *p)   Write a custom character to the CGRAM.   //// 
.................... ////                                                                       //// 
.................... ////                                                                       //// 
.................... ////  CONFIGURATION                                                        //// 
.................... ////  The LCD can be configured in one of two ways: a.) port access or     //// 
.................... ////  b.) pin access.  Port access requires the entire 7 bit interface     //// 
.................... ////  connected to one GPIO port, and the data bits (D4:D7 of the LCD)     //// 
.................... ////  connected to sequential pins on the GPIO.  Pin access                //// 
.................... ////  has no requirements, all 7 bits of the control interface can         //// 
.................... ////  can be connected to any GPIO using several ports.                    //// 
.................... ////                                                                       //// 
.................... ////  To use port access, #define LCD_DATA_PORT to the SFR location of     //// 
.................... ////  of the GPIO port that holds the interface, -AND- edit LCD_PIN_MAP    //// 
.................... ////  of this file to configure the pin order.  If you are using a         //// 
.................... ////  baseline PIC (PCB), then LCD_OUTPUT_MAP and LCD_INPUT_MAP also must  //// 
.................... ////  be defined.                                                          //// 
.................... ////                                                                       //// 
.................... ////  Example of port access:                                              //// 
.................... ////     #define LCD_DATA_PORT getenv("SFR:PORTD")                         //// 
.................... ////                                                                       //// 
.................... ////  To use pin access, the following pins must be defined:               //// 
.................... ////     LCD_ENABLE_PIN                                                    //// 
.................... ////     LCD_RS_PIN                                                        //// 
.................... ////     LCD_RW_PIN                                                        //// 
.................... ////     LCD_DATA4                                                         //// 
.................... ////     LCD_DATA5                                                         //// 
.................... ////     LCD_DATA6                                                         //// 
.................... ////     LCD_DATA7                                                         //// 
.................... ////                                                                       //// 
.................... ////  Example of pin access:                                               //// 
.................... ////     #define LCD_ENABLE_PIN  PIN_E0                                    //// 
.................... ////     #define LCD_RS_PIN      PIN_E1                                    //// 
.................... ////     #define LCD_RW_PIN      PIN_E2                                    //// 
.................... ////     #define LCD_DATA4       PIN_D4                                    //// 
.................... ////     #define LCD_DATA5       PIN_D5                                    //// 
.................... ////     #define LCD_DATA6       PIN_D6                                    //// 
.................... ////     #define LCD_DATA7       PIN_D7                                    //// 
.................... ////                                                                       //// 
.................... /////////////////////////////////////////////////////////////////////////////// 
.................... ////        (C) Copyright 1996,2010 Custom Computer Services           //// 
.................... //// This source code may only be used by licensed users of the CCS C  //// 
.................... //// compiler.  This source code may only be distributed to other      //// 
.................... //// licensed users of the CCS C compiler.  No other use, reproduction //// 
.................... //// or distribution is permitted without written permission.          //// 
.................... //// Derivative programs created using this software in object code    //// 
.................... //// form are not restricted in any way.                               //// 
.................... /////////////////////////////////////////////////////////////////////////// 
....................  
.................... #ifndef __LCD_C__ 
.................... #define __LCD_C__ 
....................  
.................... // define the pinout. 
.................... // only required if port access is being used. 
.................... typedef struct   
.................... {                            // This structure is overlayed 
....................    int1 enable;           // on to an I/O port to gain 
....................    int1 rs;               // access to the LCD pins. 
....................    int1 rw;               // The bits are allocated from 
....................    int1 unused;           // low order up.  ENABLE will 
....................    unsigned int     data : 4;         // be LSB pin of that port. 
....................   #if defined(__PCD__)       // The port used will be LCD_DATA_PORT. 
....................    unsigned int    reserved: 8; 
....................   #endif 
.................... } LCD_PIN_MAP; 
....................  
.................... // this is to improve compatability with previous LCD drivers that accepted 
.................... // a define labeled 'use_portb_lcd' that configured the LCD onto port B. 
.................... #if ((defined(use_portb_lcd)) && (use_portb_lcd==TRUE)) 
....................  #define LCD_DATA_PORT getenv("SFR:PORTB") 
.................... #endif 
....................  
.................... #if defined(__PCB__) 
....................    // these definitions only need to be modified for baseline PICs. 
....................    // all other PICs use LCD_PIN_MAP or individual LCD_xxx pin definitions. 
.................... /*                                    EN, RS,   RW,   UNUSED,  DATA  */ 
....................  const LCD_PIN_MAP LCD_OUTPUT_MAP =  {0,  0,    0,    0,       0}; 
....................  const LCD_PIN_MAP LCD_INPUT_MAP =   {0,  0,    0,    0,       0xF}; 
.................... #endif 
....................  
.................... ////////////////////// END CONFIGURATION /////////////////////////////////// 
....................  
.................... #ifndef LCD_ENABLE_PIN 
....................    #define lcd_output_enable(x) lcdlat.enable=x 
....................    #define lcd_enable_tris()   lcdtris.enable=0 
.................... #else 
....................    #define lcd_output_enable(x) output_bit(LCD_ENABLE_PIN, x) 
....................    #define lcd_enable_tris()  output_drive(LCD_ENABLE_PIN) 
.................... #endif 
....................  
.................... #ifndef LCD_RS_PIN 
....................    #define lcd_output_rs(x) lcdlat.rs=x 
....................    #define lcd_rs_tris()   lcdtris.rs=0 
.................... #else 
....................    #define lcd_output_rs(x) output_bit(LCD_RS_PIN, x) 
....................    #define lcd_rs_tris()  output_drive(LCD_RS_PIN) 
.................... #endif 
....................  
.................... #ifndef LCD_RW_PIN 
....................    #define lcd_output_rw(x) lcdlat.rw=x 
....................    #define lcd_rw_tris()   lcdtris.rw=0 
.................... #else 
....................    #define lcd_output_rw(x) output_bit(LCD_RW_PIN, x) 
....................    #define lcd_rw_tris()  output_drive(LCD_RW_PIN) 
.................... #endif 
....................  
.................... // original version of this library incorrectly labeled LCD_DATA0 as LCD_DATA4, 
.................... // LCD_DATA1 as LCD_DATA5, and so on.  this block of code makes the driver 
.................... // compatible with any code written for the original library 
.................... #if (defined(LCD_DATA0) && defined(LCD_DATA1) && defined(LCD_DATA2) && defined(LCD_DATA3) && !defined(LCD_DATA4) && !defined(LCD_DATA5) && !defined(LCD_DATA6) && !defined(LCD_DATA7)) 
....................    #define  LCD_DATA4    LCD_DATA0 
....................    #define  LCD_DATA5    LCD_DATA1 
....................    #define  LCD_DATA6    LCD_DATA2 
....................    #define  LCD_DATA7    LCD_DATA3 
.................... #endif 
....................  
.................... #ifndef LCD_DATA4 
.................... #ifndef LCD_DATA_PORT 
....................    #if defined(__PCB__) 
....................       #define LCD_DATA_PORT      0x06     //portb 
....................       #define set_tris_lcd(x)   set_tris_b(x) 
....................    #else 
....................      #if defined(PIN_D0) 
....................       #define LCD_DATA_PORT      getenv("SFR:PORTD")     //portd 
....................      #else 
....................       #define LCD_DATA_PORT      getenv("SFR:PORTB")     //portb 
....................      #endif 
....................    #endif    
.................... #endif 
....................  
.................... #if defined(__PCB__) 
....................    LCD_PIN_MAP lcd, lcdlat; 
....................    #byte lcd = LCD_DATA_PORT 
....................    #byte lcdlat = LCD_DATA_PORT 
.................... #elif defined(__PCM__) 
....................    LCD_PIN_MAP lcd, lcdlat, lcdtris; 
....................    #byte lcd = LCD_DATA_PORT 
....................    #byte lcdlat = LCD_DATA_PORT 
....................    #byte lcdtris = LCD_DATA_PORT+0x80 
.................... #elif defined(__PCH__) 
....................    LCD_PIN_MAP lcd, lcdlat, lcdtris; 
....................    #byte lcd = LCD_DATA_PORT 
....................    #byte lcdlat = LCD_DATA_PORT+9 
....................    #byte lcdtris = LCD_DATA_PORT+0x12 
.................... #elif defined(__PCD__) 
....................    LCD_PIN_MAP lcd, lcdlat, lcdtris; 
....................    #word lcd = LCD_DATA_PORT 
....................    #word lcdlat = LCD_DATA_PORT+2 
....................    #word lcdtris = LCD_DATA_PORT-0x02 
.................... #endif 
.................... #endif   //LCD_DATA4 not defined 
....................  
.................... #ifndef LCD_TYPE 
....................    #define LCD_TYPE 2           // 0=5x7, 1=5x10, 2=2 lines 
.................... #endif 
....................  
.................... #ifndef LCD_LINE_TWO 
....................    #define LCD_LINE_TWO 0x40    // LCD RAM address for the second line 
.................... #endif 
....................  
.................... #ifndef LCD_LINE_LENGTH 
....................    #define LCD_LINE_LENGTH 20 
.................... #endif 
....................  
.................... unsigned int8 lcd_read_nibble(void); 
....................  
.................... unsigned int8 lcd_read_byte(void) 
.................... { 
....................    unsigned int8 low,high; 
....................  
....................  #if defined(__PCB__) 
....................    set_tris_lcd(LCD_INPUT_MAP); 
....................  #else 
....................   #if (defined(LCD_DATA4) && defined(LCD_DATA5) && defined(LCD_DATA6) && defined(LCD_DATA7)) 
....................    output_float(LCD_DATA4); 
....................    output_float(LCD_DATA5); 
....................    output_float(LCD_DATA6); 
....................    output_float(LCD_DATA7); 
....................   #else 
....................    lcdtris.data = 0xF; 
*
0094:  MOVLW  0F
0096:  ANDWF  F95,W
0098:  IORLW  F0
009A:  MOVWF  F95
....................   #endif 
....................  #endif 
....................          
....................    lcd_output_rw(1); 
009C:  BSF    F8C.2
....................    delay_cycles(1); 
009E:  NOP   
....................    lcd_output_enable(1); 
00A0:  BSF    F8C.0
....................    delay_cycles(1); 
00A2:  NOP   
....................    high = lcd_read_nibble(); 
00A4:  RCALL  0088
00A6:  MOVFF  01,34
....................        
....................    lcd_output_enable(0); 
00AA:  BCF    F8C.0
....................    delay_cycles(1); 
00AC:  NOP   
....................    lcd_output_enable(1); 
00AE:  BSF    F8C.0
....................    delay_us(1); 
00B0:  NOP   
....................    low = lcd_read_nibble(); 
00B2:  RCALL  0088
00B4:  MOVFF  01,33
....................        
....................    lcd_output_enable(0); 
00B8:  BCF    F8C.0
....................  
....................  #if defined(__PCB__) 
....................    set_tris_lcd(LCD_OUTPUT_MAP); 
....................  #else 
....................   #if (defined(LCD_DATA4) && defined(LCD_DATA5) && defined(LCD_DATA6) && defined(LCD_DATA7)) 
....................    output_drive(LCD_DATA4); 
....................    output_drive(LCD_DATA5); 
....................    output_drive(LCD_DATA6); 
....................    output_drive(LCD_DATA7); 
....................   #else 
....................    lcdtris.data = 0x0; 
00BA:  MOVLW  0F
00BC:  ANDWF  F95,W
00BE:  MOVWF  F95
....................   #endif 
....................  #endif 
....................  
....................    return( (high<<4) | low); 
00C0:  SWAPF  34,W
00C2:  MOVWF  00
00C4:  MOVLW  F0
00C6:  ANDWF  00,F
00C8:  MOVF   00,W
00CA:  IORWF  33,W
00CC:  MOVWF  01
00CE:  GOTO   00DC (RETURN)
.................... } 
....................  
.................... unsigned int8 lcd_read_nibble(void) 
.................... { 
....................   #if (defined(LCD_DATA4) && defined(LCD_DATA5) && defined(LCD_DATA6) && defined(LCD_DATA7)) 
....................    unsigned int8 n = 0x00; 
....................  
....................    /* Read the data port */ 
....................    n |= input(LCD_DATA4); 
....................    n |= input(LCD_DATA5) << 1; 
....................    n |= input(LCD_DATA6) << 2; 
....................    n |= input(LCD_DATA7) << 3; 
....................     
....................    return(n); 
....................   #else 
....................    return(lcd.data); 
*
0088:  MOVF   F83,W
008A:  MOVWF  00
008C:  SWAPF  00,W
008E:  ANDLW  0F
0090:  MOVWF  01
....................   #endif 
0092:  RETURN 0
.................... } 
....................  
.................... void lcd_send_nibble(unsigned int8 n) 
.................... { 
....................   #if (defined(LCD_DATA4) && defined(LCD_DATA5) && defined(LCD_DATA6) && defined(LCD_DATA7)) 
....................    /* Write to the data port */ 
....................    output_bit(LCD_DATA4, bit_test(n, 0)); 
....................    output_bit(LCD_DATA5, bit_test(n, 1)); 
....................    output_bit(LCD_DATA6, bit_test(n, 2)); 
....................    output_bit(LCD_DATA7, bit_test(n, 3)); 
....................   #else       
....................    lcdlat.data = n; 
*
0070:  SWAPF  34,W
0072:  ANDLW  F0
0074:  MOVWF  00
0076:  MOVLW  0F
0078:  ANDWF  F8C,W
007A:  IORWF  00,W
007C:  MOVWF  F8C
....................   #endif 
....................        
....................    delay_cycles(1); 
007E:  NOP   
....................    lcd_output_enable(1); 
0080:  BSF    F8C.0
....................    delay_us(2); 
0082:  BRA    0084
....................    lcd_output_enable(0); 
0084:  BCF    F8C.0
0086:  RETURN 0
.................... } 
....................  
.................... void lcd_send_byte(unsigned int8 address, unsigned int8 n) 
.................... { 
....................   #if defined(__PCB__) 
....................    set_tris_lcd(LCD_OUTPUT_MAP); 
....................   #else 
....................    lcd_enable_tris(); 
*
00D2:  BCF    F95.0
....................    lcd_rs_tris(); 
00D4:  BCF    F95.1
....................    lcd_rw_tris(); 
00D6:  BCF    F95.2
....................   #endif 
....................  
....................    lcd_output_rs(0); 
00D8:  BCF    F8C.1
....................    while ( bit_test(lcd_read_byte(),7) ) ; 
00DA:  BRA    0094
00DC:  MOVFF  01,33
00E0:  BTFSC  01.7
00E2:  BRA    00DA
....................    lcd_output_rs(address); 
00E4:  BCF    F8C.1
00E6:  BTFSC  31.0
00E8:  BSF    F8C.1
....................    delay_cycles(1); 
00EA:  NOP   
....................    lcd_output_rw(0); 
00EC:  BCF    F8C.2
....................    delay_cycles(1); 
00EE:  NOP   
....................    lcd_output_enable(0); 
00F0:  BCF    F8C.0
....................    lcd_send_nibble(n >> 4); 
00F2:  SWAPF  32,W
00F4:  MOVWF  33
00F6:  MOVLW  0F
00F8:  ANDWF  33,F
00FA:  MOVFF  33,34
00FE:  RCALL  0070
....................    lcd_send_nibble(n & 0xf); 
0100:  MOVF   32,W
0102:  ANDLW  0F
0104:  MOVWF  33
0106:  MOVWF  34
0108:  RCALL  0070
010A:  RETURN 0
.................... } 
....................  
.................... #if defined(LCD_EXTENDED_NEWLINE) 
.................... unsigned int8 g_LcdX, g_LcdY; 
.................... #endif 
....................  
.................... void lcd_init(void)  
.................... { 
....................    unsigned int8 i; 
....................    unsigned int8 LCD_INIT_STRING[4] = {0x20 | (LCD_TYPE << 2), 0xc, 1, 6}; 
010C:  MOVLW  28
010E:  MOVWF  1D
0110:  MOVLW  0C
0112:  MOVWF  1E
0114:  MOVLW  01
0116:  MOVWF  1F
0118:  MOVLW  06
011A:  MOVWF  20
....................                              // These bytes need to be sent to the LCD 
....................                              // to start it up. 
....................     
....................  
....................    lcd_output_enable(0); 
011C:  BCF    F8C.0
....................    lcd_output_rs(0); 
011E:  BCF    F8C.1
....................    lcd_output_rw(0); 
0120:  BCF    F8C.2
....................  
....................  #if defined(__PCB__) 
....................    set_tris_lcd(LCD_OUTPUT_MAP); 
....................  #else 
....................   #if (defined(LCD_DATA4) && defined(LCD_DATA5) && defined(LCD_DATA6) && defined(LCD_DATA7)) 
....................    output_drive(LCD_DATA4); 
....................    output_drive(LCD_DATA5); 
....................    output_drive(LCD_DATA6); 
....................    output_drive(LCD_DATA7); 
....................   #else 
....................    lcdtris.data = 0x0; 
0122:  MOVLW  0F
0124:  ANDWF  F95,W
0126:  MOVWF  F95
....................   #endif 
....................    lcd_enable_tris(); 
0128:  BCF    F95.0
....................    lcd_rs_tris(); 
012A:  BCF    F95.1
....................    lcd_rw_tris(); 
012C:  BCF    F95.2
....................  #endif 
....................      
....................    delay_ms(15); 
012E:  MOVLW  0F
0130:  MOVWF  2D
0132:  RCALL  0048
....................    for(i=1;i<=3;++i) 
0134:  MOVLW  01
0136:  MOVWF  1C
0138:  MOVF   1C,W
013A:  SUBLW  03
013C:  BNC   014E
....................    { 
....................        lcd_send_nibble(3); 
013E:  MOVLW  03
0140:  MOVWF  34
0142:  RCALL  0070
....................        delay_ms(5); 
0144:  MOVLW  05
0146:  MOVWF  2D
0148:  RCALL  0048
014A:  INCF   1C,F
014C:  BRA    0138
....................    } 
....................     
....................    lcd_send_nibble(2); 
014E:  MOVLW  02
0150:  MOVWF  34
0152:  RCALL  0070
....................    delay_ms(5); 
0154:  MOVLW  05
0156:  MOVWF  2D
0158:  RCALL  0048
....................    for(i=0;i<=3;++i) 
015A:  CLRF   1C
015C:  MOVF   1C,W
015E:  SUBLW  03
0160:  BNC   017C
....................       lcd_send_byte(0,LCD_INIT_STRING[i]); 
0162:  CLRF   03
0164:  MOVF   1C,W
0166:  ADDLW  1D
0168:  MOVWF  FE9
016A:  MOVLW  00
016C:  ADDWFC 03,W
016E:  MOVWF  FEA
0170:  MOVFF  FEF,32
0174:  CLRF   31
0176:  RCALL  00D2
....................  
....................   #if defined(LCD_EXTENDED_NEWLINE) 
0178:  INCF   1C,F
017A:  BRA    015C
017C:  GOTO   0186 (RETURN)
....................    g_LcdX = 0; 
....................    g_LcdY = 0; 
....................   #endif 
.................... } 
....................  
.................... void lcd_gotoxy(unsigned int8 x, unsigned int8 y) 
.................... { 
....................    unsigned int8 address; 
....................     
....................    if(y!=1) 
*
019E:  DECFSZ 2E,W
01A0:  BRA    01A4
01A2:  BRA    01AA
....................       address=LCD_LINE_TWO; 
01A4:  MOVLW  40
01A6:  MOVWF  2F
01A8:  BRA    01AC
....................    else 
....................       address=0; 
01AA:  CLRF   2F
....................       
....................    address+=x-1; 
01AC:  MOVLW  01
01AE:  SUBWF  2D,W
01B0:  ADDWF  2F,F
....................    lcd_send_byte(0,0x80|address); 
01B2:  MOVF   2F,W
01B4:  IORLW  80
01B6:  MOVWF  30
01B8:  CLRF   31
01BA:  MOVWF  32
01BC:  RCALL  00D2
....................  
....................   #if defined(LCD_EXTENDED_NEWLINE) 
01BE:  RETURN 0
....................    g_LcdX = x - 1; 
....................    g_LcdY = y - 1; 
....................   #endif 
.................... } 
....................  
.................... void lcd_putc(char c) 
.................... { 
....................    switch (c) 
01C0:  MOVF   2C,W
01C2:  XORLW  07
01C4:  BZ    01D4
01C6:  XORLW  0B
01C8:  BZ    01DE
01CA:  XORLW  06
01CC:  BZ    01EE
01CE:  XORLW  02
01D0:  BZ    01FA
01D2:  BRA    0204
....................    { 
....................       case '\a'   :  lcd_gotoxy(1,1);     break; 
01D4:  MOVLW  01
01D6:  MOVWF  2D
01D8:  MOVWF  2E
01DA:  RCALL  019E
01DC:  BRA    020E
....................  
....................       case '\f'   :  lcd_send_byte(0,1); 
01DE:  CLRF   31
01E0:  MOVLW  01
01E2:  MOVWF  32
01E4:  RCALL  00D2
....................                      delay_ms(2); 
01E6:  MOVLW  02
01E8:  MOVWF  2D
01EA:  RCALL  0048
....................                     #if defined(LCD_EXTENDED_NEWLINE) 
....................                      g_LcdX = 0; 
....................                      g_LcdY = 0; 
....................                     #endif 
....................                      break; 
01EC:  BRA    020E
....................  
....................      #if defined(LCD_EXTENDED_NEWLINE) 
....................       case '\r'   :  lcd_gotoxy(1, g_LcdY+1);   break; 
....................       case '\n'   : 
....................          while (g_LcdX++ < LCD_LINE_LENGTH) 
....................          { 
....................             lcd_send_byte(1, ' '); 
....................          } 
....................          lcd_gotoxy(1, g_LcdY+2); 
....................          break; 
....................      #else 
....................       case '\n'   : lcd_gotoxy(1,2);        break; 
01EE:  MOVLW  01
01F0:  MOVWF  2D
01F2:  MOVLW  02
01F4:  MOVWF  2E
01F6:  RCALL  019E
01F8:  BRA    020E
....................      #endif 
....................       
....................       case '\b'   : lcd_send_byte(0,0x10);  break; 
01FA:  CLRF   31
01FC:  MOVLW  10
01FE:  MOVWF  32
0200:  RCALL  00D2
0202:  BRA    020E
....................       
....................      #if defined(LCD_EXTENDED_NEWLINE) 
....................       default     :  
....................          if (g_LcdX < LCD_LINE_LENGTH) 
....................          { 
....................             lcd_send_byte(1, c); 
....................             g_LcdX++; 
....................          } 
....................          break; 
....................      #else 
....................       default     : lcd_send_byte(1,c);     break; 
0204:  MOVLW  01
0206:  MOVWF  31
0208:  MOVFF  2C,32
020C:  RCALL  00D2
....................      #endif 
....................    } 
020E:  RETURN 0
.................... } 
....................   
.................... char lcd_getc(unsigned int8 x, unsigned int8 y) 
.................... { 
....................    char value; 
....................  
....................    lcd_gotoxy(x,y); 
....................    while ( bit_test(lcd_read_byte(),7) ); // wait until busy flag is low 
....................    lcd_output_rs(1); 
....................    value = lcd_read_byte(); 
....................    lcd_output_rs(0); 
....................     
....................    return(value); 
.................... } 
....................  
.................... // write a custom character to the ram 
.................... // which is 0-7 and specifies which character array we are modifying. 
.................... // ptr points to an array of 8 bytes, where each byte is the next row of 
.................... //    pixels.  only bits 0-4 are used.  the last row is the cursor row, and 
.................... //    usually you will want to leave this byte 0x00. 
.................... void lcd_set_cgram_char(unsigned int8 which, unsigned int8 *ptr) 
.................... { 
....................    unsigned int i; 
....................  
....................    which <<= 3; 
....................    which &= 0x38; 
....................  
....................    lcd_send_byte(0, 0x40 | which);  //set cgram address 
....................  
....................    for(i=0; i<8; i++) 
....................    { 
....................       lcd_send_byte(1, *ptr++); 
....................    } 
....................    
....................    #if defined(LCD_EXTENDED_NEWLINE) 
....................     lcd_gotoxy(g_LcdX+1, g_LcdY+1);  //set ddram address 
....................    #endif 
.................... } 
....................  
.................... void lcd_cursor_on(int1 on) 
.................... { 
....................    if (on) 
....................    { 
....................       lcd_send_byte(0,0x0F);           //turn LCD cursor ON 
....................    } 
....................    else 
....................    { 
....................       lcd_send_byte(0,0x0C);           //turn LCD cursor OFF 
....................    } 
.................... } 
....................  
.................... #endif 
....................  
....................  
....................  
.................... typedef enum {MAYOR, IGUAL, MENOR} comparacion_t; 
.................... const char comparaciones[] = {'>', '=', '<'}; 
.................... int8 Data_H, Data_L, D_0, D_1,k,j,top; 
.................... int16 salida_digital; 
.................... float memoria,tension[2]; 
.................... int i; 
....................  
....................    void configurar_CAD(){ 
....................       SET_TRIS_B(0); 
*
0180:  MOVLW  00
0182:  MOVWF  F93
....................       lcd_init();    
0184:  BRA    010C
....................       setup_adc(ADC_CLOCK_DIV_32); //Seleccionar TAD=32/Fosc 
0186:  MOVF   FC0,W
0188:  ANDLW  C0
018A:  IORLW  02
018C:  MOVWF  FC0
018E:  BSF    FC0.7
0190:  BSF    FC2.0
....................       setup_adc_ports(AN0_TO_AN1_ANALOG); //ENTRADA ANALOGICA PIN RA0,RA1    
0192:  MOVF   FC1,W
0194:  ANDLW  C0
0196:  IORLW  0D
0198:  MOVWF  FC1
019A:  GOTO   0C26 (RETURN)
....................    }//fin de la configuracion 
....................  
....................   float convertir (int canal){ 
....................    set_adc_channel(canal); 
*
0A1A:  RLCF   20,W
0A1C:  MOVWF  00
0A1E:  RLCF   00,F
0A20:  MOVLW  FC
0A22:  ANDWF  00,F
0A24:  MOVF   FC2,W
0A26:  ANDLW  C3
0A28:  IORWF  00,W
0A2A:  MOVWF  FC2
....................    delay_us(10); 
0A2C:  MOVLW  03
0A2E:  MOVWF  00
0A30:  DECFSZ 00,F
0A32:  BRA    0A30
....................    return (5.0*read_adc()/1023.0);    
0A34:  BSF    FC2.1
0A36:  BTFSC  FC2.1
0A38:  BRA    0A36
0A3A:  MOVFF  FC4,03
0A3E:  MOVFF  FC3,21
0A42:  MOVFF  FC4,22
0A46:  RCALL  06C6
0A48:  CLRF   2F
0A4A:  CLRF   2E
0A4C:  MOVLW  20
0A4E:  MOVWF  2D
0A50:  MOVLW  81
0A52:  MOVWF  2C
0A54:  MOVFF  03,33
0A58:  MOVFF  02,32
0A5C:  MOVFF  01,31
0A60:  MOVFF  00,30
0A64:  RCALL  02A6
0A66:  MOVFF  03,24
0A6A:  MOVFF  02,23
0A6E:  MOVFF  01,22
0A72:  MOVFF  00,21
0A76:  MOVFF  03,28
0A7A:  MOVFF  02,27
0A7E:  MOVFF  01,26
0A82:  MOVFF  00,25
0A86:  CLRF   2C
0A88:  MOVLW  C0
0A8A:  MOVWF  2B
0A8C:  MOVLW  7F
0A8E:  MOVWF  2A
0A90:  MOVLW  88
0A92:  MOVWF  29
0A94:  RCALL  0398
0A96:  GOTO   0AFA (RETURN)
.................... }//fin de convertir 
....................    
....................  
....................    void resultado(){ 
....................                                
....................    lcd_gotoxy(5,1); 
*
0ABA:  MOVLW  05
0ABC:  MOVWF  2D
0ABE:  MOVLW  01
0AC0:  MOVWF  2E
0AC2:  CALL   019E
....................    printf(lcd_putc,"TENSIONES"); 
0AC6:  MOVLW  18
0AC8:  MOVWF  FF6
0ACA:  MOVLW  00
0ACC:  MOVWF  FF7
0ACE:  CALL   0210
....................           
....................      for (int i=0;i<2;i++){//guardamos los valores medidos en vector tension de dos posiciones.  
0AD2:  CLRF   1C
0AD4:  MOVF   1C,W
0AD6:  SUBLW  01
0AD8:  BTFSS  FD8.0
0ADA:  BRA    0C0A
....................       tension[i]=convertir(i); 
0ADC:  MOVF   1C,W
0ADE:  MULLW  04
0AE0:  MOVF   FF3,W
0AE2:  CLRF   03
0AE4:  ADDLW  11
0AE6:  MOVWF  01
0AE8:  MOVLW  00
0AEA:  ADDWFC 03,F
0AEC:  MOVFF  01,1E
0AF0:  MOVFF  03,1F
0AF4:  MOVFF  1C,20
0AF8:  BRA    0A1A
0AFA:  MOVFF  1F,FEA
0AFE:  MOVFF  1E,FE9
0B02:  MOVFF  00,FEF
0B06:  MOVFF  01,FEC
0B0A:  MOVFF  02,FEC
0B0E:  MOVFF  03,FEC
....................       comparacion_t comparador = MAYOR; 
0B12:  CLRF   1D
....................     if (tension[0]== tension[1]) 
0B14:  MOVFF  14,21
0B18:  MOVFF  13,20
0B1C:  MOVFF  12,1F
0B20:  MOVFF  11,1E
0B24:  MOVFF  18,25
0B28:  MOVFF  17,24
0B2C:  MOVFF  16,23
0B30:  MOVFF  15,22
0B34:  CALL   0230
0B38:  BNZ   0B3E
....................     comparador = IGUAL; 
0B3A:  MOVLW  01
0B3C:  MOVWF  1D
....................     if (tension[0] < tension[1]) 
0B3E:  MOVFF  14,21
0B42:  MOVFF  13,20
0B46:  MOVFF  12,1F
0B4A:  MOVFF  11,1E
0B4E:  MOVFF  18,25
0B52:  MOVFF  17,24
0B56:  MOVFF  16,23
0B5A:  MOVFF  15,22
0B5E:  CALL   0230
0B62:  BNC   0B68
....................     comparador = MENOR; 
0B64:  MOVLW  02
0B66:  MOVWF  1D
....................     if (tension[0] > tension[1]) 
0B68:  MOVFF  18,21
0B6C:  MOVFF  17,20
0B70:  MOVFF  16,1F
0B74:  MOVFF  15,1E
0B78:  MOVFF  14,25
0B7C:  MOVFF  13,24
0B80:  MOVFF  12,23
0B84:  MOVFF  11,22
0B88:  CALL   0230
0B8C:  BNC   0B90
....................     comparador = MAYOR; 
0B8E:  CLRF   1D
....................          lcd_gotoxy(1,2); 
0B90:  MOVLW  01
0B92:  MOVWF  2D
0B94:  MOVLW  02
0B96:  MOVWF  2E
0B98:  CALL   019E
....................          printf(lcd_putc,"VA:%1.2f %cVB:%1.2f",tension[0],comparaciones[comparador],tension[1]);//muestra el valor guardado en la posicion 0 del vector 1 
0B9C:  CLRF   03
0B9E:  MOVF   1D,W
0BA0:  CALL   0004
0BA4:  MOVWF  1E
0BA6:  MOVLW  22
0BA8:  MOVWF  FF6
0BAA:  MOVLW  00
0BAC:  MOVWF  FF7
0BAE:  MOVLW  03
0BB0:  MOVWF  1F
0BB2:  RCALL  0A9A
0BB4:  MOVLW  89
0BB6:  MOVWF  FE9
0BB8:  MOVFF  14,22
0BBC:  MOVFF  13,21
0BC0:  MOVFF  12,20
0BC4:  MOVFF  11,1F
0BC8:  MOVLW  02
0BCA:  MOVWF  23
0BCC:  RCALL  07CA
0BCE:  MOVLW  20
0BD0:  MOVWF  2C
0BD2:  CALL   01C0
0BD6:  MOVFF  1E,2C
0BDA:  CALL   01C0
0BDE:  MOVLW  2D
0BE0:  MOVWF  FF6
0BE2:  MOVLW  00
0BE4:  MOVWF  FF7
0BE6:  MOVLW  03
0BE8:  MOVWF  1F
0BEA:  RCALL  0A9A
0BEC:  MOVLW  89
0BEE:  MOVWF  FE9
0BF0:  MOVFF  18,22
0BF4:  MOVFF  17,21
0BF8:  MOVFF  16,20
0BFC:  MOVFF  15,1F
0C00:  MOVLW  02
0C02:  MOVWF  23
0C04:  RCALL  07CA
0C06:  INCF   1C,F
0C08:  BRA    0AD4
....................       
....................          } 
0C0A:  GOTO   0CF0 (RETURN)
....................    }//fin del resultado  
....................     
....................    void escribir_eeprom(){// guarda datos en la memoria eeprom 
....................      
....................       if(tension[0]>tension[1]) 
*
052A:  MOVFF  18,21
052E:  MOVFF  17,20
0532:  MOVFF  16,1F
0536:  MOVFF  15,1E
053A:  MOVFF  14,25
053E:  MOVFF  13,24
0542:  MOVFF  12,23
0546:  MOVFF  11,22
054A:  RCALL  0230
054C:  BNC   05B2
....................          salida_digital=tension[0]*1024/5; 
054E:  MOVFF  14,2F
0552:  MOVFF  13,2E
0556:  MOVFF  12,2D
055A:  MOVFF  11,2C
055E:  CLRF   33
0560:  CLRF   32
0562:  CLRF   31
0564:  MOVLW  89
0566:  MOVWF  30
0568:  RCALL  02A6
056A:  MOVFF  03,1F
056E:  MOVFF  02,1E
0572:  MOVFF  01,1D
0576:  MOVFF  00,1C
057A:  MOVFF  03,28
057E:  MOVFF  02,27
0582:  MOVFF  01,26
0586:  MOVFF  00,25
058A:  CLRF   2C
058C:  CLRF   2B
058E:  MOVLW  20
0590:  MOVWF  2A
0592:  MOVLW  81
0594:  MOVWF  29
0596:  RCALL  0398
0598:  MOVFF  03,1F
059C:  MOVFF  02,1E
05A0:  MOVFF  01,1D
05A4:  MOVFF  00,1C
05A8:  RCALL  04F2
05AA:  MOVFF  02,0C
05AE:  MOVFF  01,0B
....................        
....................       if(tension[1]>tension[0]) 
05B2:  MOVFF  14,21
05B6:  MOVFF  13,20
05BA:  MOVFF  12,1F
05BE:  MOVFF  11,1E
05C2:  MOVFF  18,25
05C6:  MOVFF  17,24
05CA:  MOVFF  16,23
05CE:  MOVFF  15,22
05D2:  RCALL  0230
05D4:  BNC   063A
....................         salida_digital=tension[1]*1024/5; 
05D6:  MOVFF  18,2F
05DA:  MOVFF  17,2E
05DE:  MOVFF  16,2D
05E2:  MOVFF  15,2C
05E6:  CLRF   33
05E8:  CLRF   32
05EA:  CLRF   31
05EC:  MOVLW  89
05EE:  MOVWF  30
05F0:  RCALL  02A6
05F2:  MOVFF  03,1F
05F6:  MOVFF  02,1E
05FA:  MOVFF  01,1D
05FE:  MOVFF  00,1C
0602:  MOVFF  03,28
0606:  MOVFF  02,27
060A:  MOVFF  01,26
060E:  MOVFF  00,25
0612:  CLRF   2C
0614:  CLRF   2B
0616:  MOVLW  20
0618:  MOVWF  2A
061A:  MOVLW  81
061C:  MOVWF  29
061E:  RCALL  0398
0620:  MOVFF  03,1F
0624:  MOVFF  02,1E
0628:  MOVFF  01,1D
062C:  MOVFF  00,1C
0630:  RCALL  04F2
0632:  MOVFF  02,0C
0636:  MOVFF  01,0B
....................          
....................          delay_ms(100); 
063A:  MOVLW  64
063C:  MOVWF  2D
063E:  RCALL  0048
....................          Data_H=make8(salida_digital,1); //divide y guarda el valor de la variable  
0640:  MOVFF  0C,04
....................          Data_L=make8(salida_digital,0);  
0644:  MOVFF  0B,05
....................          write_eeprom(k,Data_H); 
0648:  MOVF   FF2,W
064A:  MOVWF  00
064C:  BCF    FF2.7
064E:  MOVFF  08,FA9
0652:  MOVFF  04,FA8
0656:  BCF    FA6.6
0658:  BCF    FA6.7
065A:  BSF    FA6.2
065C:  MOVLB  F
065E:  MOVLW  55
0660:  MOVWF  FA7
0662:  MOVLW  AA
0664:  MOVWF  FA7
0666:  BSF    FA6.1
0668:  BTFSC  FA6.1
066A:  BRA    0668
066C:  BCF    FA6.2
066E:  MOVF   00,W
0670:  IORWF  FF2,F
....................          write_eeprom(k+1,Data_L); 
0672:  MOVLW  01
0674:  ADDWF  08,W
0676:  MOVWF  1C
0678:  MOVFF  FF2,00
067C:  BCF    FF2.7
067E:  MOVWF  FA9
0680:  MOVFF  05,FA8
0684:  BCF    FA6.6
0686:  BCF    FA6.7
0688:  BSF    FA6.2
068A:  MOVLW  55
068C:  MOVWF  FA7
068E:  MOVLW  AA
0690:  MOVWF  FA7
0692:  BSF    FA6.1
0694:  BTFSC  FA6.1
0696:  BRA    0694
0698:  BCF    FA6.2
069A:  MOVF   00,W
069C:  IORWF  FF2,F
....................          k+=2; 
069E:  MOVLW  02
06A0:  ADDWF  08,F
06A2:  MOVLB  0
06A4:  RETURN 0
....................       
....................    }//fin del void escribir 
....................     
....................    void leer_memoria(){ 
....................    top=k; 
*
0942:  MOVFF  08,0A
....................   
....................    while (j<top){ 
0946:  MOVF   0A,W
0948:  SUBWF  09,W
094A:  BC    0A16
....................       
....................      D_0=READ_EEPROM(j); 
094C:  MOVFF  FF2,1C
0950:  BCF    FF2.7
0952:  MOVFF  09,FA9
0956:  BCF    FA6.6
0958:  BCF    FA6.7
095A:  BSF    FA6.0
095C:  MOVF   FA8,W
095E:  BTFSC  1C.7
0960:  BSF    FF2.7
0962:  MOVWF  06
....................      D_1=READ_EEPROM(j+1); 
0964:  MOVLW  01
0966:  ADDWF  09,W
0968:  MOVWF  1C
096A:  MOVFF  FF2,1D
096E:  BCF    FF2.7
0970:  MOVFF  1C,FA9
0974:  BCF    FA6.6
0976:  BCF    FA6.7
0978:  BSF    FA6.0
097A:  MOVF   FA8,W
097C:  BTFSC  1D.7
097E:  BSF    FF2.7
0980:  MOVWF  07
....................      memoria=(make16(D_0,D_1)*5)/1023.0; 
0982:  MOVFF  06,1D
0986:  MOVFF  07,1C
098A:  MOVFF  06,1F
098E:  MOVFF  07,1E
0992:  CLRF   21
0994:  MOVLW  05
0996:  MOVWF  20
0998:  BRA    06A6
099A:  MOVFF  02,1D
099E:  MOVFF  01,1C
09A2:  MOVFF  02,22
09A6:  MOVFF  01,21
09AA:  RCALL  06C6
09AC:  MOVFF  03,28
09B0:  MOVFF  02,27
09B4:  MOVFF  01,26
09B8:  MOVFF  00,25
09BC:  CLRF   2C
09BE:  MOVLW  C0
09C0:  MOVWF  2B
09C2:  MOVLW  7F
09C4:  MOVWF  2A
09C6:  MOVLW  88
09C8:  MOVWF  29
09CA:  RCALL  0398
09CC:  MOVFF  03,10
09D0:  MOVFF  02,0F
09D4:  MOVFF  01,0E
09D8:  MOVFF  00,0D
....................      lcd_gotoxy(3,2); 
09DC:  MOVLW  03
09DE:  MOVWF  2D
09E0:  MOVLW  02
09E2:  MOVWF  2E
09E4:  CALL   019E
....................      printf(lcd_putc,"%f",memoria); 
09E8:  MOVLW  89
09EA:  MOVWF  FE9
09EC:  MOVFF  10,22
09F0:  MOVFF  0F,21
09F4:  MOVFF  0E,20
09F8:  MOVFF  0D,1F
09FC:  MOVLW  02
09FE:  MOVWF  23
0A00:  RCALL  07CA
....................      j+=2; 
0A02:  MOVLW  02
0A04:  ADDWF  09,F
....................      delay_ms(500); 
0A06:  MOVWF  1C
0A08:  MOVLW  FA
0A0A:  MOVWF  2D
0A0C:  CALL   0048
0A10:  DECFSZ 1C,F
0A12:  BRA    0A08
0A14:  BRA    0946
....................    } 
0A16:  GOTO   0CD4 (RETURN)
....................    }//fin de la funcion leer 
....................     
.................... void main(){ 
*
0C0E:  CLRF   FF8
0C10:  BCF    FD0.7
0C12:  CLRF   1B
0C14:  CLRF   1A
0C16:  MOVF   FC1,W
0C18:  ANDLW  C0
0C1A:  IORLW  0F
0C1C:  MOVWF  FC1
0C1E:  MOVLW  07
0C20:  MOVWF  FB4
....................  
....................    configurar_CAD(); 
0C22:  GOTO   0180
....................    while(1){ 
....................         
....................       if(input(PIN_B0)==0b01){ 
0C26:  BSF    F93.0
0C28:  BTFSS  F81.0
0C2A:  BRA    0CAC
....................           
....................          printf(lcd_putc,"\f"); 
0C2C:  MOVLW  0C
0C2E:  MOVWF  2C
0C30:  CALL   01C0
....................          lcd_gotoxy(3,1); 
0C34:  MOVLW  03
0C36:  MOVWF  2D
0C38:  MOVLW  01
0C3A:  MOVWF  2E
0C3C:  CALL   019E
....................          printf(lcd_putc,"GUARDADO"); 
0C40:  MOVLW  36
0C42:  MOVWF  FF6
0C44:  MOVLW  00
0C46:  MOVWF  FF7
0C48:  CALL   0210
....................          delay_ms(1000); 
0C4C:  MOVLW  04
0C4E:  MOVWF  1C
0C50:  MOVLW  FA
0C52:  MOVWF  2D
0C54:  CALL   0048
0C58:  DECFSZ 1C,F
0C5A:  BRA    0C50
....................           
....................          if(tension[0]>tension[1]) 
0C5C:  MOVFF  18,21
0C60:  MOVFF  17,20
0C64:  MOVFF  16,1F
0C68:  MOVFF  15,1E
0C6C:  MOVFF  14,25
0C70:  MOVFF  13,24
0C74:  MOVFF  12,23
0C78:  MOVFF  11,22
0C7C:  CALL   0230
0C80:  BNC   0C84
....................             escribir_eeprom(); 
0C82:  RCALL  052A
....................          
....................          if(tension[1]>tension[0]) 
0C84:  MOVFF  14,21
0C88:  MOVFF  13,20
0C8C:  MOVFF  12,1F
0C90:  MOVFF  11,1E
0C94:  MOVFF  18,25
0C98:  MOVFF  17,24
0C9C:  MOVFF  16,23
0CA0:  MOVFF  15,22
0CA4:  CALL   0230
0CA8:  BNC   0CAC
....................             escribir_eeprom(); 
0CAA:  RCALL  052A
....................           
....................           } 
....................        
....................       if(input(PIN_B1)==0b01){ 
0CAC:  BSF    F93.1
0CAE:  BTFSS  F81.1
0CB0:  BRA    0CD6
....................           
....................          printf(lcd_putc,"\f"); 
0CB2:  MOVLW  0C
0CB4:  MOVWF  2C
0CB6:  CALL   01C0
....................          lcd_gotoxy(3,1); 
0CBA:  MOVLW  03
0CBC:  MOVWF  2D
0CBE:  MOVLW  01
0CC0:  MOVWF  2E
0CC2:  CALL   019E
....................          printf(lcd_putc,"Valores"); 
0CC6:  MOVLW  40
0CC8:  MOVWF  FF6
0CCA:  MOVLW  00
0CCC:  MOVWF  FF7
0CCE:  CALL   0210
....................          leer_memoria(); 
0CD2:  BRA    0942
....................       }  
0CD4:  BRA    0CF0
....................        
....................       else{ 
....................       delay_ms(800); 
0CD6:  MOVLW  04
0CD8:  MOVWF  1C
0CDA:  MOVLW  C8
0CDC:  MOVWF  2D
0CDE:  CALL   0048
0CE2:  DECFSZ 1C,F
0CE4:  BRA    0CDA
....................       printf(lcd_putc,"\f"); 
0CE6:  MOVLW  0C
0CE8:  MOVWF  2C
0CEA:  CALL   01C0
....................       resultado(); 
0CEE:  BRA    0ABA
....................       } 
0CF0:  BRA    0C26
....................        
....................    }//fin del while 
.................... }//findelvoidmain 
0CF2:  SLEEP 

Configuration Fuses:
   Word  1: C000   PLL1 CPUDIV1 NOUSBDIV XT FCMEN IESO
   Word  2: 1E38   PUT NOBROWNOUT BORV21 VREGEN NOWDT WDT32768
   Word  3: 8700   CCP2C1 PBADEN LPT1OSC MCLR
   Word  4: 00A1   STVREN NOLVP ICSP2 NOXINST NODEBUG
   Word  5: C00F   NOPROTECT NOCPB NOCPD
   Word  6: E00F   NOWRT NOWRTC NOWRTB NOWRTD
   Word  7: 400F   NOEBTR NOEBTRB
