
ROM used:   3316/32768 (10%)
            3316/32768 (10%) including unused fragments

            2.3 Average locations per line
            22.4 Average locations per statement

RAM used:   29/2048 (1%) at main() level
            57/2048 (3%) worst case

Stack used: 5 worst case (5 in main + 0 for interrupts)
Stack size: 31

Lines Stmts  %   Files
----- ----- ---  -----
  118    64  43  voltimetro JA.c
  852     0   0  C:\Program Files (x86)\PICC\Devices\18F4550.h
  456    84  57  C:\Program Files (x86)\PICC\Drivers\lcd.c
----- -----
 1426   148 Total

Page ROM  %  RAM    Vol Diff  Functions:
---- --- --- ---    --- ----  ----------
0     40   1    1             @delay_ms1
0     62   1    3    596  5.9  lcd_read_byte
0     12   0    0     59  4.2  lcd_read_nibble
0     24   0    1    179  3.3  lcd_send_nibble
0     58   1    3    460  4.7  lcd_send_byte
0    116   2    6    814  7.2  lcd_init
0     34   1    4    208  6.3  lcd_gotoxy
0     80   1    1    354  4.7  lcd_putc
0     20   0    0             @const713
0     30   0    0     61  1.2  configurar_CAD
0    128   2    5     88  2.3  convertir
0     54   1    2             @ITOF
0    242   4   11             @MULFF
0    346   5   14             @DIVFF
0    340   5    4    624  5.7  resultado
0     10   0    0             @const738
0     32   0    2             @PSTRINGC_695
0    118   2   10             @FLT
0     20   0    0             @const748
0     32   0    3             @PSTRINGCN_695
0     64   1    5             @FTOSD
0    142   2   13             @DIV3232
0    376   6   13             @PRINTF_L32D_695FPFPF
0    380   6    4    442  5.7  escribir_eeprom
0     56   1    4             @SFTOI
0    216   3    2    331  4.8  leer_memoria
0     32   0    5             @MUL1616
0    230   3    1    627  4.7  MAIN
0     10   0    0             @const771
0      8   0    0             @const773
 Inline         0             @cinit1

Program metrics:
    Functions               13
    Statements              148
    Comments                267
    Volume (V)              7922
    Difficulty (D)          57.5
    Effort to implement (E) 455170
    Time to implement (T)   7 hours, 1 minutes
    Est Delivered Bugs (B)  2
    Cyclomatic Complexity   18
    Maintainability (MI)    132

 Segment     Used  Free
-----------  ----  ----
00000-00002     4  0  
00004-07FFE  3312  29452  



