
ROM used:   5478/32768 (17%)
            5478/32768 (17%) including unused fragments

            3.8 Average locations per line
            31.3 Average locations per statement

RAM used:   79/2048 (4%) at main() level
            143/2048 (7%) worst case

Stack used: 13 worst case (6 in main + 7 for interrupts)
Stack size: 31

Lines Stmts  %   Files
----- ----- ---  -----
  129    91  52  proyecto1.c
  852     0   0  ..\..\..\..\..\..\Program Files (x86)\PICC\Devices\18F4550.h
  460    84  48  lcd_modificada.c
----- -----
 1441   175 Total

Page ROM  %  RAM    Vol Diff  Functions:
---- --- --- ---    --- ----  ----------
0     38   0    1             @delay_ms1
0     30   0    1             @delay_us1
0     70   1    3    596  5.9  lcd_read_byte
0     12   0    0     59  4.2  lcd_read_nibble
0     30   0    1    181  3.9  lcd_send_nibble
0     70   1    3    415  3.7  lcd_send_byte
0    206   2    6    770  7.2  lcd_init
0     34   0    4    208  6.3  lcd_gotoxy
0     80   1    1    354  4.7  lcd_putc
0     42   0    0    143  1.3  set_up
0    138   1    5    102  2.3  convertir
0     54   0    2             @ITOF
0    242   2   11             @MULFF
0    346   3   14             @DIVFF
0    764   7   15   1206  7.6  interrupcion_1
0    118   1   10             @FLT
0    618   6   16             @ADDFF
0     64   1    5             @FTOSD
0    142   1   13             @DIV3232
0    432   4   13             @PRINTF_L32D_695FPFPF
0    116   1    2    424  4.2  interrupcion_2
0     12   0    0    424  4.2  @const747
0     34   0    2             @PSTRINGC_695
0      2   0    0             @const753
0   1418  13   30   1723  6.8  MAIN
0     14   0    0   1723  6.8  @const761
 Inline         0             @cinit1

Program metrics:
    Functions               14
    Statements              175
    Comments                284
    Volume (V)              12994
    Difficulty (D)          66.0
    Effort to implement (E) 857170
    Time to implement (T)   13 hours, 14 minutes
    Est Delivered Bugs (B)  3
    Cyclomatic Complexity   25
    Maintainability (MI)    126

 Segment     Used  Free
-----------  ----  ----
00000-00002     4  0  
00004-00006     0  4  
00008-00162   348  0  
00164-07FFE  5126  27286  



