
ROM used:   2950/32768 (9%)
            2950/32768 (9%) including unused fragments

            2.1 Average locations per line
            22.3 Average locations per statement

RAM used:   61/2048 (3%) at main() level
            88/2048 (4%) worst case

Stack used: 7 worst case (5 in main + 2 for interrupts)
Stack size: 31

Lines Stmts  %   Files
----- ----- ---  -----
   95    48  36  practica_3.c
  852     0   0  ..\..\..\..\..\Program Files (x86)\PICC\Devices\18F4550.h
  460    84  64  lcd2.c
----- -----
 1407   132 Total

Page ROM  %  RAM    Vol Diff  Functions:
---- --- --- ---    --- ----  ----------
0     40   1    1             @delay_ms1
0     72   1    3    596  5.9  lcd_read_byte
0     12   0    0     59  4.2  lcd_read_nibble
0     28   0    1    181  3.9  lcd_send_nibble
0     70   1    3    415  3.7  lcd_send_byte
0    158   3    6    770  7.2  lcd_init
0     34   1    4    208  6.3  lcd_gotoxy
0     92   2    1    354  4.7  lcd_putc
0     92   2    0    240  2.3  configurar_CAD
0     24   0    0     92  2.9  interrupcion
0    420   7    9   1063  5.7  MAIN
0     38   1    0             @goto38197
0      8   0    0             @const721
0     34   1    2   1084  4.8  @PSTRINGC_695
0     56   1    2   1016  4.3  @ITOF
0    242   4   11             @MULFF
0    348   6   14             @DIVFF
0     64   1    5             @FTOSD
0    142   2   13             @DIV3232
0    378   6   13             @PRINTF_L32D_695FPFPF
0      6   0    0             @const743
0     30   1    3             @PSTRINGCN_695
0     40   1    3             @DIV88
0    170   3    6             @PRINTF_D_695
0     12   0    0             @const752
 Inline         0             @cinit1

Program metrics:
    Functions               12
    Statements              132
    Comments                286
    Volume (V)              9529
    Difficulty (D)          52.5
    Effort to implement (E) 499844
    Time to implement (T)   7 hours, 43 minutes
    Est Delivered Bugs (B)  2
    Cyclomatic Complexity   27
    Maintainability (MI)    145

 Segment     Used  Free
-----------  ----  ----
00000-00002     4  0  
00004-00006     0  4  
00008-00156   336  0  
00158-07FFE  2610  29814  



